<?xml version="1.0" encoding="UTF-8"?>
<testng-results ignored="0" total="8" passed="7" failed="1" skipped="0">
  <reporter-output>
  </reporter-output>
  <suite started-at="2021-07-02T03:21:37Z" name="Suite curso Automatizacion" finished-at="2021-07-02T03:24:54Z" duration-ms="196660">
    <groups>
    </groups>
    <test started-at="2021-07-02T03:21:37Z" name="Pruebas Selenium Daniela Bascuñan" finished-at="2021-07-02T03:24:54Z" duration-ms="196660">
      <class name="tests.Tests">
        <test-method is-config="true" signature="before()[pri:0, instance:tests.Tests@2f465398]" started-at="2021-07-02T03:21:37Z" name="before" finished-at="2021-07-02T03:21:45Z" duration-ms="7952" status="PASS">
          <reporter-output>
          </reporter-output>
        </test-method> <!-- before -->
        <test-method is-config="true" signature="prepararSitio()[pri:0, instance:tests.Tests@2f465398]" started-at="2021-07-02T03:21:45Z" name="prepararSitio" finished-at="2021-07-02T03:22:09Z" duration-ms="23847" status="PASS">
          <reporter-output>
          </reporter-output>
        </test-method> <!-- prepararSitio -->
        <test-method signature="CP_01_ValidarIngresoLoginFallido()[pri:0, instance:tests.Tests@2f465398]" started-at="2021-07-02T03:22:09Z" name="CP_01_ValidarIngresoLoginFallido" finished-at="2021-07-02T03:22:17Z" duration-ms="8158" status="PASS">
          <reporter-output>
          </reporter-output>
        </test-method> <!-- CP_01_ValidarIngresoLoginFallido -->
        <test-method is-config="true" signature="prepararSitio()[pri:0, instance:tests.Tests@2f465398]" started-at="2021-07-02T03:22:17Z" name="prepararSitio" finished-at="2021-07-02T03:22:21Z" duration-ms="3561" status="PASS">
          <reporter-output>
          </reporter-output>
        </test-method> <!-- prepararSitio -->
        <test-method signature="CP_02_Validar_Registro_Usuario()[pri:0, instance:tests.Tests@2f465398]" started-at="2021-07-02T03:22:21Z" name="CP_02_Validar_Registro_Usuario" finished-at="2021-07-02T03:22:56Z" duration-ms="34812" status="FAIL">
          <exception class="org.openqa.selenium.TimeoutException">
            <message>
              <![CDATA[Expected condition failed: waiting for presence of element located by: By.id: name (tried for 30 second(s) with 500 milliseconds interval)]]>
            </message>
            <full-stacktrace>
              <![CDATA[org.openqa.selenium.TimeoutException: Expected condition failed: waiting for presence of element located by: By.id: name (tried for 30 second(s) with 500 milliseconds interval)
at org.openqa.selenium.support.ui.WebDriverWait.timeoutException(WebDriverWait.java:95)
at org.openqa.selenium.support.ui.FluentWait.until(FluentWait.java:272)
at utilidades.ClaseBase.esperaExplicita(ClaseBase.java:144)
at pages.FormularioRegistroPage.registroFormulario(FormularioRegistroPage.java:20)
at tests.Tests.CP_02_Validar_Registro_Usuario(Tests.java:89)
at java.base/jdk.internal.reflect.NativeMethodAccessorImpl.invoke0(Native Method)
at java.base/jdk.internal.reflect.NativeMethodAccessorImpl.invoke(NativeMethodAccessorImpl.java:64)
at java.base/jdk.internal.reflect.DelegatingMethodAccessorImpl.invoke(DelegatingMethodAccessorImpl.java:43)
at java.base/java.lang.reflect.Method.invoke(Method.java:564)
at org.testng.internal.MethodInvocationHelper.invokeMethod(MethodInvocationHelper.java:124)
at org.testng.internal.Invoker.invokeMethod(Invoker.java:583)
at org.testng.internal.Invoker.invokeTestMethod(Invoker.java:719)
at org.testng.internal.Invoker.invokeTestMethods(Invoker.java:989)
at org.testng.internal.TestMethodWorker.invokeTestMethods(TestMethodWorker.java:125)
at org.testng.internal.TestMethodWorker.run(TestMethodWorker.java:109)
at org.testng.TestRunner.privateRun(TestRunner.java:648)
at org.testng.TestRunner.run(TestRunner.java:505)
at org.testng.SuiteRunner.runTest(SuiteRunner.java:455)
at org.testng.SuiteRunner.runSequentially(SuiteRunner.java:450)
at org.testng.SuiteRunner.privateRun(SuiteRunner.java:415)
at org.testng.SuiteRunner.run(SuiteRunner.java:364)
at org.testng.SuiteRunnerWorker.runSuite(SuiteRunnerWorker.java:52)
at org.testng.SuiteRunnerWorker.run(SuiteRunnerWorker.java:84)
at org.testng.TestNG.runSuitesSequentially(TestNG.java:1208)
at org.testng.TestNG.runSuitesLocally(TestNG.java:1137)
at org.testng.TestNG.runSuites(TestNG.java:1049)
at org.testng.TestNG.run(TestNG.java:1017)
at org.testng.remote.AbstractRemoteTestNG.run(AbstractRemoteTestNG.java:115)
at org.testng.remote.RemoteTestNG.initAndRun(RemoteTestNG.java:251)
at org.testng.remote.RemoteTestNG.main(RemoteTestNG.java:77)
Caused by: org.openqa.selenium.NoSuchElementException: Unable to locate element: #name
For documentation on this error, please visit: https://www.seleniumhq.org/exceptions/no_such_element.html
Build info: version: '3.141.59', revision: 'e82be7d358', time: '2018-11-14T08:17:03'
System info: host: 'CL-NB-716', ip: '10.208.164.104', os.name: 'Windows 10', os.arch: 'amd64', os.version: '10.0', java.version: '15.0.2'
Driver info: org.openqa.selenium.firefox.FirefoxDriver
Capabilities {acceptInsecureCerts: true, browserName: firefox, browserVersion: 89.0.2, javascriptEnabled: true, moz:accessibilityChecks: false, moz:buildID: 20210622155641, moz:geckodriverVersion: 0.29.1, moz:headless: false, moz:processID: 16208, moz:profile: C:\Users\Daniela.Bascunan\A..., moz:shutdownTimeout: 60000, moz:useNonSpecCompliantPointerOrigin: false, moz:webdriverClick: true, pageLoadStrategy: normal, platform: WINDOWS, platformName: WINDOWS, platformVersion: 10.0, setWindowRect: true, strictFileInteractability: false, timeouts: {implicit: 0, pageLoad: 300000, script: 30000}, unhandledPromptBehavior: dismiss and notify}
Session ID: d8accc1f-e193-429c-b367-36aa71744284
*** Element info: {Using=id, value=name}
at jdk.internal.reflect.GeneratedConstructorAccessor22.newInstance(Unknown Source)
at java.base/jdk.internal.reflect.DelegatingConstructorAccessorImpl.newInstance(DelegatingConstructorAccessorImpl.java:45)
at java.base/java.lang.reflect.Constructor.newInstanceWithCaller(Constructor.java:500)
at java.base/java.lang.reflect.Constructor.newInstance(Constructor.java:481)
at org.openqa.selenium.remote.http.W3CHttpResponseCodec.createException(W3CHttpResponseCodec.java:187)
at org.openqa.selenium.remote.http.W3CHttpResponseCodec.decode(W3CHttpResponseCodec.java:122)
at org.openqa.selenium.remote.http.W3CHttpResponseCodec.decode(W3CHttpResponseCodec.java:49)
at org.openqa.selenium.remote.HttpCommandExecutor.execute(HttpCommandExecutor.java:158)
at org.openqa.selenium.remote.service.DriverCommandExecutor.execute(DriverCommandExecutor.java:83)
at org.openqa.selenium.remote.RemoteWebDriver.execute(RemoteWebDriver.java:552)
at org.openqa.selenium.remote.RemoteWebDriver.findElement(RemoteWebDriver.java:323)
at org.openqa.selenium.remote.RemoteWebDriver.findElementById(RemoteWebDriver.java:372)
at org.openqa.selenium.By$ById.findElement(By.java:188)
at org.openqa.selenium.remote.RemoteWebDriver.findElement(RemoteWebDriver.java:315)
at org.openqa.selenium.support.ui.ExpectedConditions$6.apply(ExpectedConditions.java:182)
at org.openqa.selenium.support.ui.ExpectedConditions$6.apply(ExpectedConditions.java:179)
at org.openqa.selenium.support.ui.FluentWait.until(FluentWait.java:249)
... 28 more
]]>
            </full-stacktrace>
          </exception> <!-- org.openqa.selenium.TimeoutException -->
          <reporter-output>
          </reporter-output>
        </test-method> <!-- CP_02_Validar_Registro_Usuario -->
        <test-method is-config="true" signature="prepararSitio()[pri:0, instance:tests.Tests@2f465398]" started-at="2021-07-02T03:22:56Z" name="prepararSitio" finished-at="2021-07-02T03:22:58Z" duration-ms="2688" status="PASS">
          <reporter-output>
          </reporter-output>
        </test-method> <!-- prepararSitio -->
        <test-method signature="CP_03_Validar_Registro_Usuario_Existente()[pri:0, instance:tests.Tests@2f465398]" started-at="2021-07-02T03:22:58Z" name="CP_03_Validar_Registro_Usuario_Existente" finished-at="2021-07-02T03:23:05Z" duration-ms="6951" status="PASS">
          <reporter-output>
          </reporter-output>
        </test-method> <!-- CP_03_Validar_Registro_Usuario_Existente -->
        <test-method is-config="true" signature="prepararSitio()[pri:0, instance:tests.Tests@2f465398]" started-at="2021-07-02T03:23:05Z" name="prepararSitio" finished-at="2021-07-02T03:23:08Z" duration-ms="2527" status="PASS">
          <reporter-output>
          </reporter-output>
        </test-method> <!-- prepararSitio -->
        <test-method signature="CP_04_Validar_LoginExitoso()[pri:0, instance:tests.Tests@2f465398]" started-at="2021-07-02T03:23:08Z" name="CP_04_Validar_LoginExitoso" finished-at="2021-07-02T03:23:18Z" duration-ms="10184" status="PASS">
          <reporter-output>
          </reporter-output>
        </test-method> <!-- CP_04_Validar_LoginExitoso -->
        <test-method is-config="true" signature="prepararSitio()[pri:0, instance:tests.Tests@2f465398]" started-at="2021-07-02T03:23:18Z" name="prepararSitio" finished-at="2021-07-02T03:23:21Z" duration-ms="2702" status="PASS">
          <reporter-output>
          </reporter-output>
        </test-method> <!-- prepararSitio -->
        <test-method signature="CP_05_Validar_Cierre_Sesion()[pri:0, instance:tests.Tests@2f465398]" started-at="2021-07-02T03:23:21Z" name="CP_05_Validar_Cierre_Sesion" finished-at="2021-07-02T03:23:34Z" duration-ms="13761" status="PASS">
          <reporter-output>
          </reporter-output>
        </test-method> <!-- CP_05_Validar_Cierre_Sesion -->
        <test-method is-config="true" signature="prepararSitio()[pri:0, instance:tests.Tests@2f465398]" started-at="2021-07-02T03:23:34Z" name="prepararSitio" finished-at="2021-07-02T03:23:37Z" duration-ms="2495" status="PASS">
          <reporter-output>
          </reporter-output>
        </test-method> <!-- prepararSitio -->
        <test-method signature="CP_06_Buscar_Productos()[pri:0, instance:tests.Tests@2f465398]" started-at="2021-07-02T03:23:37Z" name="CP_06_Buscar_Productos" finished-at="2021-07-02T03:23:54Z" duration-ms="17629" status="PASS">
          <reporter-output>
          </reporter-output>
        </test-method> <!-- CP_06_Buscar_Productos -->
        <test-method is-config="true" signature="prepararSitio()[pri:0, instance:tests.Tests@2f465398]" started-at="2021-07-02T03:23:54Z" name="prepararSitio" finished-at="2021-07-02T03:23:57Z" duration-ms="2546" status="PASS">
          <reporter-output>
          </reporter-output>
        </test-method> <!-- prepararSitio -->
        <test-method signature="CP_07_Buscar_Producto_Agregar_a_Carrito()[pri:0, instance:tests.Tests@2f465398]" started-at="2021-07-02T03:23:57Z" name="CP_07_Buscar_Producto_Agregar_a_Carrito" finished-at="2021-07-02T03:24:21Z" duration-ms="24228" status="PASS">
          <reporter-output>
          </reporter-output>
        </test-method> <!-- CP_07_Buscar_Producto_Agregar_a_Carrito -->
        <test-method is-config="true" signature="prepararSitio()[pri:0, instance:tests.Tests@2f465398]" started-at="2021-07-02T03:24:21Z" name="prepararSitio" finished-at="2021-07-02T03:24:24Z" duration-ms="3206" status="PASS">
          <reporter-output>
          </reporter-output>
        </test-method> <!-- prepararSitio -->
        <test-method signature="CP_08_Eliminar_Item_Carrito_Compras()[pri:0, instance:tests.Tests@2f465398]" started-at="2021-07-02T03:24:24Z" name="CP_08_Eliminar_Item_Carrito_Compras" finished-at="2021-07-02T03:24:54Z" duration-ms="29365" status="PASS">
          <reporter-output>
          </reporter-output>
        </test-method> <!-- CP_08_Eliminar_Item_Carrito_Compras -->
        <test-method is-config="true" signature="after()[pri:0, instance:tests.Tests@2f465398]" started-at="2021-07-02T03:24:54Z" name="after" finished-at="2021-07-02T03:24:54Z" duration-ms="1" status="PASS">
          <reporter-output>
          </reporter-output>
        </test-method> <!-- after -->
      </class> <!-- tests.Tests -->
    </test> <!-- Pruebas Selenium Daniela Bascuñan -->
  </suite> <!-- Suite curso Automatizacion -->
</testng-results>
