<?xml version="1.0" encoding="UTF-8"?>
<!-- Generated by org.testng.reporters.JUnitXMLReporter -->
<testsuite ignored="7" hostname="CL-NB-716" failures="0" tests="1" name="Default test" time="202.597" errors="0" timestamp="02 jul. 2021 03:19:43 GMT">
  <testcase classname="tests.Tests" name="CP_06_Buscar_Productos" time="179.008"/>
  <testcase classname="tests.Tests" name="CP_07_Buscar_Producto_Agregar_a_Carrito" time="0.0">
    <ignored/>
  </testcase> <!-- CP_07_Buscar_Producto_Agregar_a_Carrito -->
  <testcase classname="tests.Tests" name="CP_05_Validar_Cierre_Sesion" time="0.0">
    <ignored/>
  </testcase> <!-- CP_05_Validar_Cierre_Sesion -->
  <testcase classname="tests.Tests" name="CP_04_Validar_LoginExitoso" time="0.0">
    <ignored/>
  </testcase> <!-- CP_04_Validar_LoginExitoso -->
  <testcase classname="tests.Tests" name="CP_08_Eliminar_Item_Carrito_Compras" time="0.0">
    <ignored/>
  </testcase> <!-- CP_08_Eliminar_Item_Carrito_Compras -->
  <testcase classname="tests.Tests" name="CP_03_Validar_Registro_Usuario_Existente" time="0.0">
    <ignored/>
  </testcase> <!-- CP_03_Validar_Registro_Usuario_Existente -->
  <testcase classname="tests.Tests" name="CP_02_Validar_Registro_Usuario" time="0.0">
    <ignored/>
  </testcase> <!-- CP_02_Validar_Registro_Usuario -->
  <testcase classname="tests.Tests" name="CP_01_ValidarIngresoLoginFallido" time="0.0">
    <ignored/>
  </testcase> <!-- CP_01_ValidarIngresoLoginFallido -->
</testsuite> <!-- Default test -->
